# JRE version: OpenJDK Runtime Environment (21.0.6) (build 21.0.6+-13391695-b895.109)
# Java VM: OpenJDK 64-Bit Server VM (21.0.6+-13391695-b895.109, mixed mode, tiered, compressed oops, compressed class ptrs, g1 gc, windows-amd64)
GC Precious Log:
 CardTable entry size: 512
 Card Set container configuration: InlinePtr #cards 4 size 8 Array Of Cards #cards 16 size 48 Howl #buckets 8 coarsen threshold 3686 Howl Bitmap #cards 512 size 80 coarsen threshold 460 Card regions per heap region 1 cards per card region 4096
 CPUs: 8 total, 8 available
 Memory: 16261M
 Large Page Support: Disabled
 NUMA Support: Disabled
 Compressed Oops: Enabled (Zero based)
 Heap Region Size: 2M
 Heap Min Capacity: 8M
 Heap Initial Capacity: 256M
 Heap Max Capacity: 4066M
 Pre-touch: Disabled
 Parallel Workers: 8
 Concurrent Workers: 2
 Concurrent Refinement Workers: 8
 Periodic GC: Disabled
Heap:
 garbage-first heap   total 153600K, used 38835K [0x0000000701e00000, 0x0000000800000000)
  region size 2048K, 9 young (18432K), 6 survivors (12288K)
 Metaspace       used 54035K, committed 54400K, reserved 1114112K
  class space    used 6193K, committed 6336K, reserved 1048576K
GC Heap History (16 events):
Event: 1.988 GC heap before
{Heap before GC invocations=0 (full 0):
 garbage-first heap   total 262144K, used 24576K [0x0000000701e00000, 0x0000000800000000)
  region size 2048K, 11 young (22528K), 0 survivors (0K)
 Metaspace       used 13443K, committed 13568K, reserved 1114112K
  class space    used 1224K, committed 1280K, reserved 1048576K
}
Event: 1.994 GC heap after
{Heap after GC invocations=1 (full 0):
 garbage-first heap   total 262144K, used 6869K [0x0000000701e00000, 0x0000000800000000)
  region size 2048K, 2 young (4096K), 2 survivors (4096K)
 Metaspace       used 13443K, committed 13568K, reserved 1114112K
  class space    used 1224K, committed 1280K, reserved 1048576K
}
Event: 3.127 GC heap before
{Heap before GC invocations=1 (full 0):
 garbage-first heap   total 262144K, used 31445K [0x0000000701e00000, 0x0000000800000000)
  region size 2048K, 15 young (30720K), 2 survivors (4096K)
 Metaspace       used 21337K, committed 21504K, reserved 1114112K
  class space    used 2174K, committed 2240K, reserved 1048576K
}
Event: 3.134 GC heap after
{Heap after GC invocations=2 (full 0):
 garbage-first heap   total 262144K, used 8529K [0x0000000701e00000, 0x0000000800000000)
  region size 2048K, 3 young (6144K), 3 survivors (6144K)
 Metaspace       used 21337K, committed 21504K, reserved 1114112K
  class space    used 2174K, committed 2240K, reserved 1048576K
}
Event: 4.122 GC heap before
{Heap before GC invocations=3 (full 0):
 garbage-first heap   total 34816K, used 31057K [0x0000000701e00000, 0x0000000800000000)
  region size 2048K, 15 young (30720K), 3 survivors (6144K)
 Metaspace       used 25956K, committed 26240K, reserved 1114112K
  class space    used 2759K, committed 2880K, reserved 1048576K
}
Event: 4.141 GC heap after
{Heap after GC invocations=4 (full 0):
 garbage-first heap   total 45056K, used 14006K [0x0000000701e00000, 0x0000000800000000)
  region size 2048K, 5 young (10240K), 5 survivors (10240K)
 Metaspace       used 25956K, committed 26240K, reserved 1114112K
  class space    used 2759K, committed 2880K, reserved 1048576K
}
Event: 4.744 GC heap before
{Heap before GC invocations=4 (full 0):
 garbage-first heap   total 45056K, used 30390K [0x0000000701e00000, 0x0000000800000000)
  region size 2048K, 13 young (26624K), 5 survivors (10240K)
 Metaspace       used 30691K, committed 30912K, reserved 1114112K
  class space    used 3511K, committed 3648K, reserved 1048576K
}
Event: 4.764 GC heap after
{Heap after GC invocations=5 (full 0):
 garbage-first heap   total 45056K, used 14855K [0x0000000701e00000, 0x0000000800000000)
  region size 2048K, 1 young (2048K), 1 survivors (2048K)
 Metaspace       used 30691K, committed 30912K, reserved 1114112K
  class space    used 3511K, committed 3648K, reserved 1048576K
}
Event: 5.261 GC heap before
{Heap before GC invocations=5 (full 0):
 garbage-first heap   total 45056K, used 33287K [0x0000000701e00000, 0x0000000800000000)
  region size 2048K, 10 young (20480K), 1 survivors (2048K)
 Metaspace       used 34708K, committed 34944K, reserved 1114112K
  class space    used 4178K, committed 4288K, reserved 1048576K
}
Event: 5.268 GC heap after
{Heap after GC invocations=6 (full 0):
 garbage-first heap   total 45056K, used 16635K [0x0000000701e00000, 0x0000000800000000)
  region size 2048K, 2 young (4096K), 2 survivors (4096K)
 Metaspace       used 34708K, committed 34944K, reserved 1114112K
  class space    used 4178K, committed 4288K, reserved 1048576K
}
Event: 5.362 GC heap before
{Heap before GC invocations=6 (full 0):
 garbage-first heap   total 45056K, used 20731K [0x0000000701e00000, 0x0000000800000000)
  region size 2048K, 5 young (10240K), 2 survivors (4096K)
 Metaspace       used 35887K, committed 36160K, reserved 1114112K
  class space    used 4283K, committed 4416K, reserved 1048576K
}
Event: 5.369 GC heap after
{Heap after GC invocations=7 (full 0):
 garbage-first heap   total 45056K, used 17250K [0x0000000701e00000, 0x0000000800000000)
  region size 2048K, 1 young (2048K), 1 survivors (2048K)
 Metaspace       used 35887K, committed 36160K, reserved 1114112K
  class space    used 4283K, committed 4416K, reserved 1048576K
}
Event: 5.835 GC heap before
{Heap before GC invocations=8 (full 0):
 garbage-first heap   total 45056K, used 31586K [0x0000000701e00000, 0x0000000800000000)
  region size 2048K, 9 young (18432K), 1 survivors (2048K)
 Metaspace       used 40468K, committed 40768K, reserved 1114112K
  class space    used 4764K, committed 4864K, reserved 1048576K
}
Event: 5.841 GC heap after
{Heap after GC invocations=9 (full 0):
 garbage-first heap   total 153600K, used 17738K [0x0000000701e00000, 0x0000000800000000)
  region size 2048K, 1 young (2048K), 1 survivors (2048K)
 Metaspace       used 40468K, committed 40768K, reserved 1114112K
  class space    used 4764K, committed 4864K, reserved 1048576K
}
Event: 8.190 GC heap before
{Heap before GC invocations=9 (full 0):
 garbage-first heap   total 153600K, used 105802K [0x0000000701e00000, 0x0000000800000000)
  region size 2048K, 45 young (92160K), 1 survivors (2048K)
 Metaspace       used 53358K, committed 53568K, reserved 1114112K
  class space    used 6118K, committed 6208K, reserved 1048576K
}
Event: 8.228 GC heap after
{Heap after GC invocations=10 (full 0):
 garbage-first heap   total 153600K, used 34739K [0x0000000701e00000, 0x0000000800000000)
  region size 2048K, 6 young (12288K), 6 survivors (12288K)
 Metaspace       used 53358K, committed 53568K, reserved 1114112K
  class space    used 6118K, committed 6208K, reserved 1048576K
}

