# JRE version: OpenJDK Runtime Environment (21.0.6) (build 21.0.6+-13391695-b895.109)
# Java VM: OpenJDK 64-Bit Server VM (21.0.6+-13391695-b895.109, mixed mode, tiered, compressed oops, compressed class ptrs, g1 gc, windows-amd64)
GC Precious Log:
 CardTable entry size: 512
 Card Set container configuration: InlinePtr #cards 4 size 8 Array Of Cards #cards 16 size 48 Howl #buckets 8 coarsen threshold 3686 Howl Bitmap #cards 512 size 80 coarsen threshold 460 Card regions per heap region 1 cards per card region 4096
 CPUs: 8 total, 8 available
 Memory: 16261M
 Large Page Support: Disabled
 NUMA Support: Disabled
 Compressed Oops: Enabled (Zero based)
 Heap Region Size: 2M
 Heap Min Capacity: 8M
 Heap Initial Capacity: 256M
 Heap Max Capacity: 4066M
 Pre-touch: Disabled
 Parallel Workers: 8
 Concurrent Workers: 2
 Concurrent Refinement Workers: 8
 Periodic GC: Disabled
Heap:
 garbage-first heap   total 45056K, used 18741K [0x0000000701e00000, 0x0000000800000000)
  region size 2048K, 2 young (4096K), 2 survivors (4096K)
 Metaspace       used 45581K, committed 45824K, reserved 1114112K
  class space    used 5279K, committed 5376K, reserved 1048576K
GC Heap History (15 events):
Event: 1.885 GC heap before
{Heap before GC invocations=0 (full 0):
 garbage-first heap   total 262144K, used 24576K [0x0000000701e00000, 0x0000000800000000)
  region size 2048K, 11 young (22528K), 0 survivors (0K)
 Metaspace       used 13441K, committed 13568K, reserved 1114112K
  class space    used 1224K, committed 1280K, reserved 1048576K
}
Event: 1.891 GC heap after
{Heap after GC invocations=1 (full 0):
 garbage-first heap   total 262144K, used 6783K [0x0000000701e00000, 0x0000000800000000)
  region size 2048K, 2 young (4096K), 2 survivors (4096K)
 Metaspace       used 13441K, committed 13568K, reserved 1114112K
  class space    used 1224K, committed 1280K, reserved 1048576K
}
Event: 3.129 GC heap before
{Heap before GC invocations=1 (full 0):
 garbage-first heap   total 262144K, used 29311K [0x0000000701e00000, 0x0000000800000000)
  region size 2048K, 15 young (30720K), 2 survivors (4096K)
 Metaspace       used 21321K, committed 21504K, reserved 1114112K
  class space    used 2174K, committed 2240K, reserved 1048576K
}
Event: 3.136 GC heap after
{Heap after GC invocations=2 (full 0):
 garbage-first heap   total 262144K, used 8599K [0x0000000701e00000, 0x0000000800000000)
  region size 2048K, 3 young (6144K), 3 survivors (6144K)
 Metaspace       used 21321K, committed 21504K, reserved 1114112K
  class space    used 2174K, committed 2240K, reserved 1048576K
}
Event: 4.514 GC heap before
{Heap before GC invocations=3 (full 0):
 garbage-first heap   total 34816K, used 31127K [0x0000000701e00000, 0x0000000800000000)
  region size 2048K, 15 young (30720K), 3 survivors (6144K)
 Metaspace       used 26099K, committed 26368K, reserved 1114112K
  class space    used 2775K, committed 2880K, reserved 1048576K
}
Event: 4.536 GC heap after
{Heap after GC invocations=4 (full 0):
 garbage-first heap   total 45056K, used 13714K [0x0000000701e00000, 0x0000000800000000)
  region size 2048K, 5 young (10240K), 5 survivors (10240K)
 Metaspace       used 26099K, committed 26368K, reserved 1114112K
  class space    used 2775K, committed 2880K, reserved 1048576K
}
Event: 5.348 GC heap before
{Heap before GC invocations=4 (full 0):
 garbage-first heap   total 45056K, used 30098K [0x0000000701e00000, 0x0000000800000000)
  region size 2048K, 13 young (26624K), 5 survivors (10240K)
 Metaspace       used 31034K, committed 31296K, reserved 1114112K
  class space    used 3648K, committed 3776K, reserved 1048576K
}
Event: 5.370 GC heap after
{Heap after GC invocations=5 (full 0):
 garbage-first heap   total 45056K, used 15254K [0x0000000701e00000, 0x0000000800000000)
  region size 2048K, 1 young (2048K), 1 survivors (2048K)
 Metaspace       used 31034K, committed 31296K, reserved 1114112K
  class space    used 3648K, committed 3776K, reserved 1048576K
}
Event: 6.183 GC heap before
{Heap before GC invocations=5 (full 0):
 garbage-first heap   total 45056K, used 33686K [0x0000000701e00000, 0x0000000800000000)
  region size 2048K, 10 young (20480K), 1 survivors (2048K)
 Metaspace       used 34821K, committed 35072K, reserved 1114112K
  class space    used 4185K, committed 4288K, reserved 1048576K
}
Event: 6.193 GC heap after
{Heap after GC invocations=6 (full 0):
 garbage-first heap   total 45056K, used 17034K [0x0000000701e00000, 0x0000000800000000)
  region size 2048K, 2 young (4096K), 2 survivors (4096K)
 Metaspace       used 34821K, committed 35072K, reserved 1114112K
  class space    used 4185K, committed 4288K, reserved 1048576K
}
Event: 6.315 GC heap before
{Heap before GC invocations=6 (full 0):
 garbage-first heap   total 45056K, used 21130K [0x0000000701e00000, 0x0000000800000000)
  region size 2048K, 5 young (10240K), 2 survivors (4096K)
 Metaspace       used 35859K, committed 36096K, reserved 1114112K
  class space    used 4280K, committed 4352K, reserved 1048576K
}
Event: 6.326 GC heap after
{Heap after GC invocations=7 (full 0):
 garbage-first heap   total 45056K, used 17559K [0x0000000701e00000, 0x0000000800000000)
  region size 2048K, 1 young (2048K), 1 survivors (2048K)
 Metaspace       used 35859K, committed 36096K, reserved 1114112K
  class space    used 4280K, committed 4352K, reserved 1048576K
}
Event: 7.065 GC heap before
{Heap before GC invocations=8 (full 0):
 garbage-first heap   total 45056K, used 33943K [0x0000000701e00000, 0x0000000800000000)
  region size 2048K, 10 young (20480K), 1 survivors (2048K)
 Metaspace       used 40898K, committed 41152K, reserved 1114112K
  class space    used 4809K, committed 4928K, reserved 1048576K
}
Event: 7.075 GC heap after
{Heap after GC invocations=9 (full 0):
 garbage-first heap   total 45056K, used 18268K [0x0000000701e00000, 0x0000000800000000)
  region size 2048K, 1 young (2048K), 1 survivors (2048K)
 Metaspace       used 40898K, committed 41152K, reserved 1114112K
  class space    used 4809K, committed 4928K, reserved 1048576K
}
Event: 7.781 GC heap before
{Heap before GC invocations=9 (full 0):
 garbage-first heap   total 45056K, used 36700K [0x0000000701e00000, 0x0000000800000000)
  region size 2048K, 10 young (20480K), 1 survivors (2048K)
 Metaspace       used 45581K, committed 45824K, reserved 1114112K
  class space    used 5279K, committed 5376K, reserved 1048576K
}

