# JRE version: OpenJDK Runtime Environment (21.0.6) (build 21.0.6+-13391695-b895.109)
# Java VM: OpenJDK 64-Bit Server VM (21.0.6+-13391695-b895.109, mixed mode, tiered, compressed oops, compressed class ptrs, g1 gc, windows-amd64)
GC Precious Log:
 CardTable entry size: 512
 Card Set container configuration: InlinePtr #cards 4 size 8 Array Of Cards #cards 16 size 48 Howl #buckets 8 coarsen threshold 3686 Howl Bitmap #cards 512 size 80 coarsen threshold 460 Card regions per heap region 1 cards per card region 4096
 CPUs: 8 total, 8 available
 Memory: 16261M
 Large Page Support: Disabled
 NUMA Support: Disabled
 Compressed Oops: Enabled (Zero based)
 Heap Region Size: 2M
 Heap Min Capacity: 8M
 Heap Initial Capacity: 256M
 Heap Max Capacity: 4066M
 Pre-touch: Disabled
 Parallel Workers: 8
 Concurrent Workers: 2
 Concurrent Refinement Workers: 8
 Periodic GC: Disabled
Heap:
 garbage-first heap   total 45056K, used 25107K [0x0000000701e00000, 0x0000000800000000)
  region size 2048K, 7 young (14336K), 1 survivors (2048K)
 Metaspace       used 33341K, committed 33536K, reserved 1114112K
  class space    used 4019K, committed 4096K, reserved 1048576K
GC Heap History (8 events):
Event: 1.420 GC heap before
{Heap before GC invocations=0 (full 0):
 garbage-first heap   total 262144K, used 24576K [0x0000000701e00000, 0x0000000800000000)
  region size 2048K, 11 young (22528K), 0 survivors (0K)
 Metaspace       used 13439K, committed 13568K, reserved 1114112K
  class space    used 1224K, committed 1280K, reserved 1048576K
}
Event: 1.806 GC heap after
{Heap after GC invocations=1 (full 0):
 garbage-first heap   total 262144K, used 6826K [0x0000000701e00000, 0x0000000800000000)
  region size 2048K, 2 young (4096K), 2 survivors (4096K)
 Metaspace       used 13439K, committed 13568K, reserved 1114112K
  class space    used 1224K, committed 1280K, reserved 1048576K
}
Event: 3.221 GC heap before
{Heap before GC invocations=1 (full 0):
 garbage-first heap   total 262144K, used 31402K [0x0000000701e00000, 0x0000000800000000)
  region size 2048K, 15 young (30720K), 2 survivors (4096K)
 Metaspace       used 21331K, committed 21504K, reserved 1114112K
  class space    used 2174K, committed 2240K, reserved 1048576K
}
Event: 3.228 GC heap after
{Heap after GC invocations=2 (full 0):
 garbage-first heap   total 262144K, used 8545K [0x0000000701e00000, 0x0000000800000000)
  region size 2048K, 3 young (6144K), 3 survivors (6144K)
 Metaspace       used 21331K, committed 21504K, reserved 1114112K
  class space    used 2174K, committed 2240K, reserved 1048576K
}
Event: 4.185 GC heap before
{Heap before GC invocations=3 (full 0):
 garbage-first heap   total 34816K, used 33121K [0x0000000701e00000, 0x0000000800000000)
  region size 2048K, 15 young (30720K), 3 survivors (6144K)
 Metaspace       used 25999K, committed 26240K, reserved 1114112K
  class space    used 2766K, committed 2880K, reserved 1048576K
}
Event: 4.200 GC heap after
{Heap after GC invocations=4 (full 0):
 garbage-first heap   total 45056K, used 13724K [0x0000000701e00000, 0x0000000800000000)
  region size 2048K, 5 young (10240K), 5 survivors (10240K)
 Metaspace       used 25999K, committed 26240K, reserved 1114112K
  class space    used 2766K, committed 2880K, reserved 1048576K
}
Event: 4.829 GC heap before
{Heap before GC invocations=4 (full 0):
 garbage-first heap   total 45056K, used 30108K [0x0000000701e00000, 0x0000000800000000)
  region size 2048K, 13 young (26624K), 5 survivors (10240K)
 Metaspace       used 31032K, committed 31296K, reserved 1114112K
  class space    used 3648K, committed 3776K, reserved 1048576K
}
Event: 4.847 GC heap after
{Heap after GC invocations=5 (full 0):
 garbage-first heap   total 45056K, used 14867K [0x0000000701e00000, 0x0000000800000000)
  region size 2048K, 1 young (2048K), 1 survivors (2048K)
 Metaspace       used 31032K, committed 31296K, reserved 1114112K
  class space    used 3648K, committed 3776K, reserved 1048576K
}

